b'\x92\xd7\x00aO>s\x1b\x1bR+\x81\xa3log\xbcSat Sep 25 20:51:23 IST 2021\x92\xd7\x00aO>t\x1b\xe3\x85\x98\x81\xa3log\xbcSat Sep 25 20:51:24 IST 2021\x92\xd7\x00aO>u\x1c\xb0\x12\xb3\x81\xa3log\xbcSat Sep 25 20:51:25 IST 2021\x92\xd7\x00aO>v\x1dF\xbdI\x81\xa3log\xbcSat Sep 25 20:51:26 IST 2021\x92\xd7\x00aO>w\x1d\xf6\x8f\xf4\x81\xa3log\xbcSat Sep 25 20:51:27 IST 2021'
b'\x92\xd7\x00aO>n\x17GGF\x81\xa3log\xbcSat Sep 25 20:51:18 IST 2021\x92\xd7\x00aO>o\x17\xf94W\x81\xa3log\xbcSat Sep 25 20:51:19 IST 2021\x92\xd7\x00aO>p\x18\xc38Y\x81\xa3log\xbcSat Sep 25 20:51:20 IST 2021\x92\xd7\x00aO>q\x19\x95y\xe7\x81\xa3log\xbcSat Sep 25 20:51:21 IST 2021\x92\xd7\x00aO>r\x1aZ\x8f[\x81\xa3log\xbcSat Sep 25 20:51:22 IST 2021'
b"\x92\xd7\x00aO>x\x1e\xc0\x18\xc7\x81\xa3log\xbcSat Sep 25 20:51:28 IST 2021\x92\xd7\x00aO>y\x1fE'\xcf\x81\xa3log\xbcSat Sep 25 20:51:29 IST 2021\x92\xd7\x00aO>z\x1f\xbdp'\x81\xa3log\xbcSat Sep 25 20:51:30 IST 2021\x92\xd7\x00aO>{ B{K\x81\xa3log\xbcSat Sep 25 20:51:31 IST 2021\x92\xd7\x00aO>| \xe9\x14\x17\x81\xa3log\xbcSat Sep 25 20:51:32 IST 2021"
b'\x92\xd7\x00aO>}!\xc3\xd2C\x81\xa3log\xbcSat Sep 25 20:51:33 IST 2021\x92\xd7\x00aO>~"\x8d(\xde\x81\xa3log\xbcSat Sep 25 20:51:34 IST 2021\x92\xd7\x00aO>\x7f#Q\x0e)\x81\xa3log\xbcSat Sep 25 20:51:35 IST 2021\x92\xd7\x00aO>\x80$\x02e\xd5\x81\xa3log\xbcSat Sep 25 20:51:36 IST 2021\x92\xd7\x00aO>\x81$\xb8N\xcf\x81\xa3log\xbcSat Sep 25 20:51:37 IST 2021'
b"\x92\xd7\x00aO>\x82%z:\xac\x81\xa3log\xbcSat Sep 25 20:51:38 IST 2021\x92\xd7\x00aO>\x83&;\xfd\xc7\x81\xa3log\xbcSat Sep 25 20:51:39 IST 2021\x92\xd7\x00aO>\x84&\xc2\xbfx\x81\xa3log\xbcSat Sep 25 20:51:40 IST 2021\x92\xd7\x00aO>\x85'`bZ\x81\xa3log\xbcSat Sep 25 20:51:41 IST 2021\x92\xd7\x00aO>\x86(5\xe9\x13\x81\xa3log\xbcSat Sep 25 20:51:42 IST 2021"
b'\x92\xd7\x00aO>\x87(\xea\xa1\x0f\x81\xa3log\xbcSat Sep 25 20:51:43 IST 2021\x92\xd7\x00aO>\x88)\x9c\xe6\xb7\x81\xa3log\xbcSat Sep 25 20:51:44 IST 2021\x92\xd7\x00aO>\x89*?zr\x81\xa3log\xbcSat Sep 25 20:51:45 IST 2021\x92\xd7\x00aO>\x8a*\xed3\xda\x81\xa3log\xbcSat Sep 25 20:51:46 IST 2021\x92\xd7\x00aO>\x8b+\xcc\x0c\x8d\x81\xa3log\xbcSat Sep 25 20:51:47 IST 2021'
b'\x92\xd7\x00aO>\x8c,\x81\xf9\x90\x81\xa3log\xbcSat Sep 25 20:51:48 IST 2021\x92\xd7\x00aO>\x8d-7\xcd\xa9\x81\xa3log\xbcSat Sep 25 20:51:49 IST 2021\x92\xd7\x00aO>\x8e-\xf71\x0b\x81\xa3log\xbcSat Sep 25 20:51:50 IST 2021\x92\xd7\x00aO>\x8f.\xb7\x02\xed\x81\xa3log\xbcSat Sep 25 20:51:51 IST 2021\x92\xd7\x00aO>\x90/r2t\x81\xa3log\xbcSat Sep 25 20:51:52 IST 2021'
b'\x92\xd7\x00aO>\x910\x11\xf3<\x81\xa3log\xbcSat Sep 25 20:51:53 IST 2021\x92\xd7\x00aO>\x920\xc3\x99\xf9\x81\xa3log\xbcSat Sep 25 20:51:54 IST 2021\x92\xd7\x00aO>\x931H\xe4\x87\x81\xa3log\xbcSat Sep 25 20:51:55 IST 2021\x92\xd7\x00aO>\x941\xfb=M\x81\xa3log\xbcSat Sep 25 20:51:56 IST 2021\x92\xd7\x00aO>\x952\xc1\xcfp\x81\xa3log\xbcSat Sep 25 20:51:57 IST 2021'
b'\x92\xd7\x00aO>\x963\x86\xcf\x10\x81\xa3log\xbcSat Sep 25 20:51:58 IST 2021\x92\xd7\x00aO>\x974<\x17z\x81\xa3log\xbcSat Sep 25 20:51:59 IST 2021\x92\xd7\x00aO>\x985\x0c\xbc\x7f\x81\xa3log\xbcSat Sep 25 20:52:00 IST 2021\x92\xd7\x00aO>\x995\xc6/\x1a\x81\xa3log\xbcSat Sep 25 20:52:01 IST 2021\x92\xd7\x00aO>\x9a6\x982\x1a\x81\xa3log\xbcSat Sep 25 20:52:02 IST 2021'
b'\x92\xd7\x00aO>\xa0:\xfb6b\x81\xa3log\xbcSat Sep 25 20:52:08 IST 2021\x92\xd7\x00aO>\xa2\x00\t&\xfd\x81\xa3log\xbcSat Sep 25 20:52:10 IST 2021\x92\xd7\x00aO>\xa3\x00\xb5\x83\xf7\x81\xa3log\xbcSat Sep 25 20:52:11 IST 2021\x92\xd7\x00aO>\xa4\x01\x93\xcf\xfe\x81\xa3log\xbcSat Sep 25 20:52:12 IST 2021'
b'\x92\xd7\x00aO>\x9b7.\xd6J\x81\xa3log\xbcSat Sep 25 20:52:03 IST 2021\x92\xd7\x00aO>\x9c7\xebe+\x81\xa3log\xbcSat Sep 25 20:52:04 IST 2021\x92\xd7\x00aO>\x9d8\xad\xf1l\x81\xa3log\xbcSat Sep 25 20:52:05 IST 2021\x92\xd7\x00aO>\x9e9e\xce[\x81\xa3log\xbcSat Sep 25 20:52:06 IST 2021\x92\xd7\x00aO>\x9f:=\xdc#\x81\xa3log\xbcSat Sep 25 20:52:07 IST 2021'
b'\x92\xd7\x00aO>\xa5\x02Wu[\x81\xa3log\xbcSat Sep 25 20:52:13 IST 2021\x92\xd7\x00aO>\xa6\x02\xefn\xe4\x81\xa3log\xbcSat Sep 25 20:52:14 IST 2021\x92\xd7\x00aO>\xa7\x03\x9b\xe0\x00\x81\xa3log\xbcSat Sep 25 20:52:15 IST 2021\x92\xd7\x00aO>\xa8\x049\xae\xce\x81\xa3log\xbcSat Sep 25 20:52:16 IST 2021\x92\xd7\x00aO>\xa9\x04\xe3\x9b\x9e\x81\xa3log\xbcSat Sep 25 20:52:17 IST 2021'
b'\x92\xd7\x00aO>\xaa\x05w\x88p\x81\xa3log\xbcSat Sep 25 20:52:18 IST 2021\x92\xd7\x00aO>\xab\x06\x17\xfbn\x81\xa3log\xbcSat Sep 25 20:52:19 IST 2021\x92\xd7\x00aO>\xac\x06\xddw\xc9\x81\xa3log\xbcSat Sep 25 20:52:20 IST 2021\x92\xd7\x00aO>\xad\x07\xa7\xbc \x81\xa3log\xbcSat Sep 25 20:52:21 IST 2021\x92\xd7\x00aO>\xae\x08b\x99\xfb\x81\xa3log\xbcSat Sep 25 20:52:22 IST 2021'
b'\x92\xd7\x00aO>\xaf\t\x1f\x0e\xc6\x81\xa3log\xbcSat Sep 25 20:52:23 IST 2021\x92\xd7\x00aO>\xb0\t\xaf\xa39\x81\xa3log\xbcSat Sep 25 20:52:24 IST 2021\x92\xd7\x00aO>\xb1\nI`\x05\x81\xa3log\xbcSat Sep 25 20:52:25 IST 2021\x92\xd7\x00aO>\xb2\x0b\x0e1\x8a\x81\xa3log\xbcSat Sep 25 20:52:26 IST 2021\x92\xd7\x00aO>\xb3\x0b\xc7\x0f\xd0\x81\xa3log\xbcSat Sep 25 20:52:27 IST 2021'
b'\x92\xd7\x00aO>\xb4\x0c\x83|"\x81\xa3log\xbcSat Sep 25 20:52:28 IST 2021\x92\xd7\x00aO>\xb5\ren\xbc\x81\xa3log\xbcSat Sep 25 20:52:29 IST 2021\x92\xd7\x00aO>\xb6\r\xe7K\xf5\x81\xa3log\xbcSat Sep 25 20:52:30 IST 2021\x92\xd7\x00aO>\xb7\x0e\x89S_\x81\xa3log\xbcSat Sep 25 20:52:31 IST 2021\x92\xd7\x00aO>\xb8\x0fZ\'S\x81\xa3log\xbcSat Sep 25 20:52:32 IST 2021'
b'\x92\xd7\x00aO>\xb9\x10\x0c\x81=\x81\xa3log\xbcSat Sep 25 20:52:33 IST 2021\x92\xd7\x00aO>\xba\x10\xd7\x160\x81\xa3log\xbcSat Sep 25 20:52:34 IST 2021\x92\xd7\x00aO>\xbb\x11\x93\xadR\x81\xa3log\xbcSat Sep 25 20:52:35 IST 2021\x92\xd7\x00aO>\xbc\x12VG\xd5\x81\xa3log\xbcSat Sep 25 20:52:36 IST 2021\x92\xd7\x00aO>\xbd\x13@h\x0e\x81\xa3log\xbcSat Sep 25 20:52:37 IST 2021'
b'\x92\xd7\x00aO>\xbe\x13\xcfX\x93\x81\xa3log\xbcSat Sep 25 20:52:38 IST 2021\x92\xd7\x00aO>\xbf\x14\x85\x14c\x81\xa3log\xbcSat Sep 25 20:52:39 IST 2021\x92\xd7\x00aO>\xc0\x15\x0em\xa5\x81\xa3log\xbcSat Sep 25 20:52:40 IST 2021\x92\xd7\x00aO>\xc1\x15\xac\xc9\xb9\x81\xa3log\xbcSat Sep 25 20:52:41 IST 2021\x92\xd7\x00aO>\xc2\x16o \x8d\x81\xa3log\xbcSat Sep 25 20:52:42 IST 2021'
[{"date":1632583733.626104,"log":"Sat Sep 25 20:58:53 IST 2021"},{"date":1632583734.635852,"log":"Sat Sep 25 20:58:54 IST 2021"},{"date":1632583735.647295,"log":"Sat Sep 25 20:58:55 IST 2021"},{"date":1632583736.663103,"log":"Sat Sep 25 20:58:56 IST 2021"},{"date":1632583737.675869,"log":"Sat Sep 25 20:58:57 IST 2021"}]
[{"date":1632583743.743334,"log":"Sat Sep 25 20:59:03 IST 2021"},{"date":1632583744.753836,"log":"Sat Sep 25 20:59:04 IST 2021"},{"date":1632583745.766944,"log":"Sat Sep 25 20:59:05 IST 2021"},{"date":1632583746.776357,"log":"Sat Sep 25 20:59:06 IST 2021"},{"date":1632583747.786146,"log":"Sat Sep 25 20:59:07 IST 2021"}]
[{"date":1632583748.79802,"log":"Sat Sep 25 20:59:08 IST 2021"},{"date":1632583749.810047,"log":"Sat Sep 25 20:59:09 IST 2021"},{"date":1632583750.822682,"log":"Sat Sep 25 20:59:10 IST 2021"},{"date":1632583751.835462,"log":"Sat Sep 25 20:59:11 IST 2021"},{"date":1632583752.847056,"log":"Sat Sep 25 20:59:12 IST 2021"}]
[{"date":1632583738.687829,"log":"Sat Sep 25 20:58:58 IST 2021"},{"date":1632583739.697378,"log":"Sat Sep 25 20:58:59 IST 2021"},{"date":1632583740.707671,"log":"Sat Sep 25 20:59:00 IST 2021"},{"date":1632583741.719358,"log":"Sat Sep 25 20:59:01 IST 2021"},{"date":1632583742.731592,"log":"Sat Sep 25 20:59:02 IST 2021"}]
[{"date":1632583753.857518,"log":"Sat Sep 25 20:59:13 IST 2021"},{"date":1632583754.871437,"log":"Sat Sep 25 20:59:14 IST 2021"},{"date":1632583755.884293,"log":"Sat Sep 25 20:59:15 IST 2021"},{"date":1632583756.895985,"log":"Sat Sep 25 20:59:16 IST 2021"},{"date":1632583757.906717,"log":"Sat Sep 25 20:59:17 IST 2021"}]
[{"date":1632583758.9161,"log":"Sat Sep 25 20:59:18 IST 2021"},{"date":1632583759.929493,"log":"Sat Sep 25 20:59:19 IST 2021"},{"date":1632583760.943001,"log":"Sat Sep 25 20:59:20 IST 2021"},{"date":1632583761.955213,"log":"Sat Sep 25 20:59:21 IST 2021"},{"date":1632583762.96531,"log":"Sat Sep 25 20:59:22 IST 2021"}]
[{"date":1632583763.977014,"log":"Sat Sep 25 20:59:23 IST 2021"},{"date":1632583764.989083,"log":"Sat Sep 25 20:59:24 IST 2021"},{"date":1632583766.000844,"log":"Sat Sep 25 20:59:26 IST 2021"},{"date":1632583767.014222,"log":"Sat Sep 25 20:59:27 IST 2021"}]
[{"date":1632583768.026249,"log":"Sat Sep 25 20:59:28 IST 2021"},{"date":1632583769.039331,"log":"Sat Sep 25 20:59:29 IST 2021"},{"date":1632583770.050802,"log":"Sat Sep 25 20:59:30 IST 2021"},{"date":1632583771.063493,"log":"Sat Sep 25 20:59:31 IST 2021"},{"date":1632583772.076672,"log":"Sat Sep 25 20:59:32 IST 2021"}]
[{"date":1632583773.089597,"log":"Sat Sep 25 20:59:33 IST 2021"},{"date":1632583774.102751,"log":"Sat Sep 25 20:59:34 IST 2021"},{"date":1632583775.116676,"log":"Sat Sep 25 20:59:35 IST 2021"},{"date":1632583776.128497,"log":"Sat Sep 25 20:59:36 IST 2021"},{"date":1632583777.139712,"log":"Sat Sep 25 20:59:37 IST 2021"}]
[{"date":1632583778.154469,"log":"Sat Sep 25 20:59:38 IST 2021"},{"date":1632583779.166526,"log":"Sat Sep 25 20:59:39 IST 2021"},{"date":1632583780.179438,"log":"Sat Sep 25 20:59:40 IST 2021"},{"date":1632583781.191975,"log":"Sat Sep 25 20:59:41 IST 2021"},{"date":1632583782.20091,"log":"Sat Sep 25 20:59:42 IST 2021"}]
Sat Sep 25 21:00:38 IST 2021
Sat Sep 25 21:00:48 IST 2021
Sat Sep 25 21:00:53 IST 2021
Sat Sep 25 21:00:43 IST 2021
Sat Sep 25 21:00:58 IST 2021
Sat Sep 25 21:01:03 IST 2021
Sat Sep 25 21:01:08 IST 2021
Sat Sep 25 21:01:13 IST 2021
Sat Sep 25 21:01:18 IST 2021
Sat Sep 25 21:01:23 IST 2021
Sat Sep 25 21:01:28 IST 2021
Sat Sep 25 21:01:33 IST 2021
Sat Sep 25 21:01:38 IST 2021
Sat Sep 25 21:01:48 IST 2021
Sat Sep 25 21:01:43 IST 2021
Sat Sep 25 21:01:53 IST 2021
Sat Sep 25 21:01:58 IST 2021
Sat Sep 25 21:02:03 IST 2021
Sat Sep 25 21:02:08 IST 2021
Sat Sep 25 21:02:13 IST 2021
Sat Sep 25 21:02:18 IST 2021
Sat Sep 25 21:02:23 IST 2021
Sat Sep 25 21:02:28 IST 2021
Sat Sep 25 21:02:33 IST 2021
Sat Sep 25 21:02:38 IST 2021
Sat Sep 25 21:02:43 IST 2021
Sat Sep 25 21:02:48 IST 2021
Sat Sep 25 21:02:58 IST 2021
Sat Sep 25 21:02:53 IST 2021
Sat Sep 25 21:03:03 IST 2021
Sat Sep 25 21:03:08 IST 2021
Sat Sep 25 21:03:13 IST 2021
Sat Sep 25 21:03:18 IST 2021
Sat Sep 25 21:03:23 IST 2021
Sat Sep 25 21:03:28 IST 2021
Sat Sep 25 21:03:33 IST 2021
Sat Sep 25 21:03:38 IST 2021
Sat Sep 25 21:03:43 IST 2021
Sat Sep 25 21:03:53 IST 2021
Sat Sep 25 21:03:48 IST 2021
Sat Sep 25 21:03:58 IST 2021
Sat Sep 25 21:04:03 IST 2021
Sat Sep 25 21:04:08 IST 2021
Sat Sep 25 21:04:13 IST 2021
Sat Sep 25 21:04:18 IST 2021
Sat Sep 25 21:04:23 IST 2021
Sat Sep 25 21:04:28 IST 2021
Sat Sep 25 21:04:33 IST 2021
Sat Sep 25 21:04:38 IST 2021
Sat Sep 25 21:04:43 IST 2021
Sat Sep 25 21:04:48 IST 2021
Sat Sep 25 21:04:53 IST 2021
Sat Sep 25 21:04:58 IST 2021
Sat Sep 25 21:05:03 IST 2021
Sat Sep 25 21:05:08 IST 2021
Sat Sep 25 21:05:13 IST 2021
Sat Sep 25 21:05:18 IST 2021
Sat Sep 25 21:05:23 IST 2021
Sat Sep 25 21:05:28 IST 2021
Sat Sep 25 21:05:33 IST 2021
Sat Sep 25 21:05:38 IST 2021
Sat Sep 25 21:05:48 IST 2021
Sat Sep 25 21:05:43 IST 2021
Sat Sep 25 21:05:53 IST 2021
Sat Sep 25 21:05:58 IST 2021
Sat Sep 25 21:06:03 IST 2021
Sat Sep 25 21:06:08 IST 2021
Sat Sep 25 21:06:13 IST 2021
Sat Sep 25 21:06:18 IST 2021
Sat Sep 25 21:06:23 IST 2021
Sat Sep 25 21:06:28 IST 2021
Sat Sep 25 21:06:33 IST 2021
Sat Sep 25 21:06:38 IST 2021
Sat Sep 25 21:06:43 IST 2021
Sat Sep 25 21:06:48 IST 2021
Sat Sep 25 21:06:53 IST 2021
Sat Sep 25 21:06:58 IST 2021
Sat Sep 25 21:07:03 IST 2021
Sat Sep 25 21:07:08 IST 2021
Sat Sep 25 21:07:13 IST 2021
Sat Sep 25 21:07:18 IST 2021
Sat Sep 25 21:07:23 IST 2021
Sat Sep 25 21:07:28 IST 2021
Sat Sep 25 21:07:33 IST 2021
Sat Sep 25 21:07:38 IST 2021
Sat Sep 25 21:07:48 IST 2021
Sat Sep 25 21:07:53 IST 2021
Sat Sep 25 21:07:43 IST 2021
Sat Sep 25 21:07:58 IST 2021
Sat Sep 25 21:08:03 IST 2021
Sat Sep 25 21:08:08 IST 2021
Sat Sep 25 21:08:13 IST 2021
Sat Sep 25 21:08:18 IST 2021
Sat Sep 25 21:08:23 IST 2021
Sat Sep 25 21:08:28 IST 2021
Sat Sep 25 21:08:33 IST 2021
Sat Sep 25 21:08:38 IST 2021
Sat Sep 25 21:08:33 IST 2021
Sat Sep 25 21:08:43 IST 2021
Sat Sep 25 21:08:48 IST 2021
Sat Sep 25 21:08:53 IST 2021
Sat Sep 25 21:08:58 IST 2021
Sat Sep 25 21:09:03 IST 2021
Sat Sep 25 21:09:08 IST 2021
Sat Sep 25 21:09:13 IST 2021
Sat Sep 25 21:09:28 IST 2021
Sat Sep 25 21:09:24 IST 2021
Sat Sep 25 21:09:38 IST 2021
Sat Sep 25 21:09:33 IST 2021
Sat Sep 25 21:09:43 IST 2021
Sat Sep 25 21:09:48 IST 2021
Sat Sep 25 21:09:53 IST 2021
Sat Sep 25 21:09:58 IST 2021
Sat Sep 25 21:10:03 IST 2021
